npm warn exec The following package was not found and will be installed: create-next-app@16.1.1
Creating a new Next.js app in /app/oil-co-website.

Using npm.

Initializing project with template: app-tw


Installing dependencies:
- next
- react
- react-dom

Installing devDependencies:
- @tailwindcss/postcss
- @types/node
- @types/react
- @types/react-dom
- eslint
- eslint-config-next
- tailwindcss
- typescript


added 357 packages, and audited 358 packages in 45s

142 packages are looking for funding
  run `npm fund` for details

found 0 vulnerabilities

Generating route types...
✓ Types generated successfully

Success! Created oil-co-website at /app/oil-co-website

npm notice
npm notice New minor version of npm available! 11.6.2 -> 11.7.0
npm notice Changelog: https://github.com/npm/cli/releases/tag/v11.7.0
npm notice To update run: npm install -g npm@11.7.0
npm notice
